<?xml version="1.0" encoding="UTF-8"?>
<testng-results ignored="0" total="6" passed="6" failed="0" skipped="0">
  <reporter-output>
  </reporter-output>
  <suite started-at="2021-07-19T16:21:45 IST" name="Default suite" finished-at="2021-07-19T16:21:48 IST" duration-ms="2675">
    <groups>
      <group name="cucumber">
        <method signature="AbstractTestNGCucumberTests.runScenario(io.cucumber.testng.PickleWrapper,io.cucumber.testng.FeatureWrapper)[pri:0, instance:com.api.cucumber.runner.PostTestNgRunner@5e0e82ae]" name="runScenario" class="io.cucumber.testng.AbstractTestNGCucumberTests"/>
      </group> <!-- cucumber -->
    </groups>
    <test started-at="2021-07-19T16:21:45 IST" name="Default test" finished-at="2021-07-19T16:21:48 IST" duration-ms="2675">
      <class name="com.api.cucumber.runner.PostTestNgRunner">
        <test-method is-config="true" signature="setUpClass()[pri:0, instance:com.api.cucumber.runner.PostTestNgRunner@5e0e82ae]" started-at="2021-07-19T16:21:45 IST" name="setUpClass" finished-at="2021-07-19T16:21:46 IST" duration-ms="1141" status="PASS">
          <reporter-output>
          </reporter-output>
        </test-method> <!-- setUpClass -->
        <test-method signature="runScenario(io.cucumber.testng.PickleWrapper,io.cucumber.testng.FeatureWrapper)[pri:0, instance:com.api.cucumber.runner.PostTestNgRunner@5e0e82ae]" started-at="2021-07-19T16:21:46 IST" name="runScenario" description="Runs Cucumber Scenarios" data-provider="scenarios" finished-at="2021-07-19T16:21:48 IST" duration-ms="1048" status="PASS">
          <params>
            <param index="0">
              <value>
                <![CDATA["Use Login Scenario"]]>
              </value>
            </param>
            <param index="1">
              <value>
                <![CDATA["Optional[User login feature]"]]>
              </value>
            </param>
          </params>
          <reporter-output>
          </reporter-output>
        </test-method> <!-- runScenario -->
        <test-method signature="runScenario(io.cucumber.testng.PickleWrapper,io.cucumber.testng.FeatureWrapper)[pri:0, instance:com.api.cucumber.runner.PostTestNgRunner@5e0e82ae]" started-at="2021-07-19T16:21:48 IST" name="runScenario" description="Runs Cucumber Scenarios" data-provider="scenarios" finished-at="2021-07-19T16:21:48 IST" duration-ms="73" status="PASS">
          <params>
            <param index="0">
              <value>
                <![CDATA["scenario description"]]>
              </value>
            </param>
            <param index="1">
              <value>
                <![CDATA["Optional[User login feature]"]]>
              </value>
            </param>
          </params>
          <reporter-output>
          </reporter-output>
        </test-method> <!-- runScenario -->
        <test-method signature="runScenario(io.cucumber.testng.PickleWrapper,io.cucumber.testng.FeatureWrapper)[pri:0, instance:com.api.cucumber.runner.PostTestNgRunner@5e0e82ae]" started-at="2021-07-19T16:21:48 IST" name="runScenario" description="Runs Cucumber Scenarios" data-provider="scenarios" finished-at="2021-07-19T16:21:48 IST" duration-ms="42" status="PASS">
          <params>
            <param index="0">
              <value>
                <![CDATA["scenario description"]]>
              </value>
            </param>
            <param index="1">
              <value>
                <![CDATA["Optional[User login feature]"]]>
              </value>
            </param>
          </params>
          <reporter-output>
          </reporter-output>
        </test-method> <!-- runScenario -->
        <test-method signature="runScenario(io.cucumber.testng.PickleWrapper,io.cucumber.testng.FeatureWrapper)[pri:0, instance:com.api.cucumber.runner.PostTestNgRunner@5e0e82ae]" started-at="2021-07-19T16:21:48 IST" name="runScenario" description="Runs Cucumber Scenarios" data-provider="scenarios" finished-at="2021-07-19T16:21:48 IST" duration-ms="26" status="PASS">
          <params>
            <param index="0">
              <value>
                <![CDATA["scenario description"]]>
              </value>
            </param>
            <param index="1">
              <value>
                <![CDATA["Optional[User login feature]"]]>
              </value>
            </param>
          </params>
          <reporter-output>
          </reporter-output>
        </test-method> <!-- runScenario -->
        <test-method signature="runScenario(io.cucumber.testng.PickleWrapper,io.cucumber.testng.FeatureWrapper)[pri:0, instance:com.api.cucumber.runner.PostTestNgRunner@5e0e82ae]" started-at="2021-07-19T16:21:48 IST" name="runScenario" description="Runs Cucumber Scenarios" data-provider="scenarios" finished-at="2021-07-19T16:21:48 IST" duration-ms="72" status="PASS">
          <params>
            <param index="0">
              <value>
                <![CDATA["Post a text on user wall"]]>
              </value>
            </param>
            <param index="1">
              <value>
                <![CDATA["Optional[To test he facebook Post wall]"]]>
              </value>
            </param>
          </params>
          <reporter-output>
          </reporter-output>
        </test-method> <!-- runScenario -->
        <test-method signature="runScenario(io.cucumber.testng.PickleWrapper,io.cucumber.testng.FeatureWrapper)[pri:0, instance:com.api.cucumber.runner.PostTestNgRunner@5e0e82ae]" started-at="2021-07-19T16:21:48 IST" name="runScenario" description="Runs Cucumber Scenarios" data-provider="scenarios" finished-at="2021-07-19T16:21:48 IST" duration-ms="23" status="PASS">
          <params>
            <param index="0">
              <value>
                <![CDATA["Post a video on user wall"]]>
              </value>
            </param>
            <param index="1">
              <value>
                <![CDATA["Optional[To test he facebook Post wall]"]]>
              </value>
            </param>
          </params>
          <reporter-output>
          </reporter-output>
        </test-method> <!-- runScenario -->
        <test-method is-config="true" signature="tearDownClass()[pri:0, instance:com.api.cucumber.runner.PostTestNgRunner@5e0e82ae]" started-at="2021-07-19T16:21:48 IST" name="tearDownClass" finished-at="2021-07-19T16:21:48 IST" duration-ms="49" status="PASS">
          <reporter-output>
          </reporter-output>
        </test-method> <!-- tearDownClass -->
      </class> <!-- com.api.cucumber.runner.PostTestNgRunner -->
    </test> <!-- Default test -->
  </suite> <!-- Default suite -->
</testng-results>
