<?xml version="1.0" encoding="UTF-8"?>
<testng-results ignored="0" total="1" passed="1" failed="0" skipped="0">
  <reporter-output>
  </reporter-output>
  <suite started-at="2021-07-28T16:11:52 IST" name="Default suite" finished-at="2021-07-28T16:12:28 IST" duration-ms="36482">
    <groups>
      <group name="cucumber">
        <method signature="AbstractTestNGCucumberTests.runScenario(io.cucumber.testng.PickleWrapper,io.cucumber.testng.FeatureWrapper)[pri:0, instance:com.api.cucumber.mousekey.mkRunner@1f2586d6]" name="runScenario" class="io.cucumber.testng.AbstractTestNGCucumberTests"/>
      </group> <!-- cucumber -->
    </groups>
    <test started-at="2021-07-28T16:11:52 IST" name="Default test" finished-at="2021-07-28T16:12:28 IST" duration-ms="36482">
      <class name="com.api.cucumber.mousekey.mkRunner">
        <test-method is-config="true" signature="setUpClass()[pri:0, instance:com.api.cucumber.mousekey.mkRunner@1f2586d6]" started-at="2021-07-28T16:11:52 IST" name="setUpClass" finished-at="2021-07-28T16:11:53 IST" duration-ms="1348" status="PASS">
          <reporter-output>
          </reporter-output>
        </test-method> <!-- setUpClass -->
        <test-method signature="runScenario(io.cucumber.testng.PickleWrapper,io.cucumber.testng.FeatureWrapper)[pri:0, instance:com.api.cucumber.mousekey.mkRunner@1f2586d6]" started-at="2021-07-28T16:11:53 IST" name="runScenario" description="Runs Cucumber Scenarios" data-provider="scenarios" finished-at="2021-07-28T16:12:28 IST" duration-ms="34784" status="PASS">
          <params>
            <param index="0">
              <value>
                <![CDATA["Working with context click"]]>
              </value>
            </param>
            <param index="1">
              <value>
                <![CDATA["Optional[To understand mouse and keyboard actions]"]]>
              </value>
            </param>
          </params>
          <reporter-output>
          </reporter-output>
        </test-method> <!-- runScenario -->
        <test-method is-config="true" signature="tearDownClass()[pri:0, instance:com.api.cucumber.mousekey.mkRunner@1f2586d6]" started-at="2021-07-28T16:12:28 IST" name="tearDownClass" finished-at="2021-07-28T16:12:28 IST" duration-ms="212" status="PASS">
          <reporter-output>
          </reporter-output>
        </test-method> <!-- tearDownClass -->
      </class> <!-- com.api.cucumber.mousekey.mkRunner -->
    </test> <!-- Default test -->
  </suite> <!-- Default suite -->
</testng-results>
